c:\users\justi\ideaprojects\sysops\src\main\c++\build\src\systemlib\systemlib.dir\debug\vc143.pdb
c:\users\justi\ideaprojects\sysops\src\main\c++\build\src\systemlib\systemlib.dir\debug\process_inject.obj
c:\users\justi\ideaprojects\sysops\src\main\c++\build\src\systemlib\systemlib.dir\debug\action_handler.obj
c:\users\justi\ideaprojects\sysops\src\main\c++\build\src\systemlib\systemlib.dir\debug\systemlib.obj
c:\users\justi\ideaprojects\sysops\src\main\c++\build\src\systemlib\cmakefiles\generate.stamp
c:\users\justi\ideaprojects\sysops\src\main\c++\build\src\systemlib\debug\systemlib.dll
c:\users\justi\ideaprojects\sysops\src\main\c++\build\src\systemlib\debug\systemlib.pdb
c:\users\justi\ideaprojects\sysops\src\main\c++\build\src\systemlib\debug\systemlib.lib
c:\users\justi\ideaprojects\sysops\src\main\c++\build\src\systemlib\debug\systemlib.exp
c:\users\justi\ideaprojects\sysops\src\main\c++\build\src\systemlib\systemlib.dir\debug\systemlib.ilk
c:\users\justi\ideaprojects\sysops\src\main\c++\build\src\systemlib\systemlib.dir\debug\systemlib.tlog\cl.command.1.tlog
c:\users\justi\ideaprojects\sysops\src\main\c++\build\src\systemlib\systemlib.dir\debug\systemlib.tlog\cl.items.tlog
c:\users\justi\ideaprojects\sysops\src\main\c++\build\src\systemlib\systemlib.dir\debug\systemlib.tlog\cl.read.1.tlog
c:\users\justi\ideaprojects\sysops\src\main\c++\build\src\systemlib\systemlib.dir\debug\systemlib.tlog\cl.write.1.tlog
c:\users\justi\ideaprojects\sysops\src\main\c++\build\src\systemlib\systemlib.dir\debug\systemlib.tlog\custombuild.command.1.tlog
c:\users\justi\ideaprojects\sysops\src\main\c++\build\src\systemlib\systemlib.dir\debug\systemlib.tlog\custombuild.read.1.tlog
c:\users\justi\ideaprojects\sysops\src\main\c++\build\src\systemlib\systemlib.dir\debug\systemlib.tlog\custombuild.write.1.tlog
c:\users\justi\ideaprojects\sysops\src\main\c++\build\src\systemlib\systemlib.dir\debug\systemlib.tlog\link.command.1.tlog
c:\users\justi\ideaprojects\sysops\src\main\c++\build\src\systemlib\systemlib.dir\debug\systemlib.tlog\link.read.1.tlog
c:\users\justi\ideaprojects\sysops\src\main\c++\build\src\systemlib\systemlib.dir\debug\systemlib.tlog\link.secondary.1.tlog
c:\users\justi\ideaprojects\sysops\src\main\c++\build\src\systemlib\systemlib.dir\debug\systemlib.tlog\link.write.1.tlog
